<?xml version="1.0" encoding="UTF-8"?>
<!-- Generated by org.testng.reporters.JUnitXMLReporter -->
<testsuite ignored="0" hostname="SVG" failures="2" tests="9" name="Test" time="120.146" errors="0" timestamp="2022-12-03T08:50:34 IST">
  <testcase classname="Tests.HomePageTest" name="HomePageTitleTest" time="11.33">
    <failure type="java.lang.AssertionError" message="expected [Facebook] but found [(13) Facebook]">
      <![CDATA[java.lang.AssertionError: expected [Facebook] but found [(13) Facebook]
at Tests.HomePageTest.HomePageTitleTest(HomePageTest.java:37)
at java.base/java.util.ArrayList.forEach(ArrayList.java:1511)
... Removed 33 stack frames]]>
    </failure>
  </testcase> <!-- HomePageTitleTest -->
  <testcase classname="Tests.HomePageTest" name="verifyUserNameTest" time="6.676"/>
  <testcase classname="Tests.HomePageTest" name="verifyClickOnFriends" time="2.19"/>
  <testcase classname="Tests.HomePageTest" name="verifyHomePage" time="13.377"/>
  <testcase classname="Tests.HomePageTest" name="verifyClickOnLogout" time="11.027">
    <failure type="org.openqa.selenium.ElementClickInterceptedException" message="element click intercepted: Element &amp;lt;span class=&amp;quot;x1lliihq x6ikm8r x10wlt62 x1n2onr6&amp;quot; style=&amp;quot;-webkit-box-orient: vertical; -webkit-line-clamp: 2; display: -webkit-box;&amp;quot;&amp;gt;...&amp;lt;/span&amp;gt; is not clickable at point (199, 357). Other element would receive the click: &amp;lt;div class=&amp;quot;x1uvtmcs x4k7w5x x1h91t0o x1beo9mf xaigb6o x12ejxvf x3igimt xarpa2k xedcshv x1lytzrv x1t2pt76 x7ja8zs x1n2onr6 x1qrby5j x1jfb8zj&amp;quot; tabindex=&amp;quot;-1&amp;quot;&amp;gt;...&amp;lt;/div&amp;gt;
  (Session info: chrome=108.0.5359.71)
Build info: version: &amp;apos;4.1.4&amp;apos;, revision: &amp;apos;535d840ee2&amp;apos;
System info: host: &amp;apos;SVG&amp;apos;, ip: &amp;apos;192.168.45.156&amp;apos;, os.name: &amp;apos;Windows 11&amp;apos;, os.arch: &amp;apos;amd64&amp;apos;, os.version: &amp;apos;10.0&amp;apos;, java.version: &amp;apos;17.0.2&amp;apos;
Driver info: org.openqa.selenium.chrome.ChromeDriver
Command: [4b3d49269fc560d36c277e3f6684fbec, clickElement {id=ec867624-0e36-44e4-8b91-328338a6374b}]
Capabilities {acceptInsecureCerts: false, browserName: chrome, browserVersion: 108.0.5359.71, chrome: {chromedriverVersion: 107.0.5304.62 (1eec40d3a576..., userDataDir: C:\Users\SHUBHAM\AppData\Lo...}, goog:chromeOptions: {debuggerAddress: localhost:63715}, javascriptEnabled: true, networkConnectionEnabled: false, pageLoadStrategy: normal, platform: WINDOWS, platformName: WINDOWS, proxy: Proxy(), se:cdp: ws://localhost:63715/devtoo..., se:cdpVersion: 108.0.5359.71, setWindowRect: true, strictFileInteractability: false, timeouts: {implicit: 0, pageLoad: 300000, script: 30000}, unhandledPromptBehavior: dismiss and notify, webauthn:extension:credBlob: true, webauthn:extension:largeBlob: true, webauthn:virtualAuthenticators: true}
Element: [[ChromeDriver: chrome on WINDOWS (4b3d49269fc560d36c277e3f6684fbec)] -&amp;gt; xpath: (//span[@class=&amp;apos;x1lliihq x6ikm8r x10wlt62 x1n2onr6&amp;apos;])[7]]
Session ID: 4b3d49269fc560d36c277e3f6684fbec">
      <![CDATA[org.openqa.selenium.ElementClickInterceptedException: element click intercepted: Element <span class="x1lliihq x6ikm8r x10wlt62 x1n2onr6" style="-webkit-box-orient: vertical; -webkit-line-clamp: 2; display: -webkit-box;">...</span> is not clickable at point (199, 357). Other element would receive the click: <div class="x1uvtmcs x4k7w5x x1h91t0o x1beo9mf xaigb6o x12ejxvf x3igimt xarpa2k xedcshv x1lytzrv x1t2pt76 x7ja8zs x1n2onr6 x1qrby5j x1jfb8zj" tabindex="-1">...</div>
  (Session info: chrome=108.0.5359.71)
Build info: version: '4.1.4', revision: '535d840ee2'
System info: host: 'SVG', ip: '192.168.45.156', os.name: 'Windows 11', os.arch: 'amd64', os.version: '10.0', java.version: '17.0.2'
Driver info: org.openqa.selenium.chrome.ChromeDriver
Command: [4b3d49269fc560d36c277e3f6684fbec, clickElement {id=ec867624-0e36-44e4-8b91-328338a6374b}]
Capabilities {acceptInsecureCerts: false, browserName: chrome, browserVersion: 108.0.5359.71, chrome: {chromedriverVersion: 107.0.5304.62 (1eec40d3a576..., userDataDir: C:\Users\SHUBHAM\AppData\Lo...}, goog:chromeOptions: {debuggerAddress: localhost:63715}, javascriptEnabled: true, networkConnectionEnabled: false, pageLoadStrategy: normal, platform: WINDOWS, platformName: WINDOWS, proxy: Proxy(), se:cdp: ws://localhost:63715/devtoo..., se:cdpVersion: 108.0.5359.71, setWindowRect: true, strictFileInteractability: false, timeouts: {implicit: 0, pageLoad: 300000, script: 30000}, unhandledPromptBehavior: dismiss and notify, webauthn:extension:credBlob: true, webauthn:extension:largeBlob: true, webauthn:virtualAuthenticators: true}
Element: [[ChromeDriver: chrome on WINDOWS (4b3d49269fc560d36c277e3f6684fbec)] -> xpath: (//span[@class='x1lliihq x6ikm8r x10wlt62 x1n2onr6'])[7]]
Session ID: 4b3d49269fc560d36c277e3f6684fbec
at org.openqa.selenium.remote.codec.w3c.W3CHttpResponseCodec.createException(W3CHttpResponseCodec.java:200)
at org.openqa.selenium.remote.codec.w3c.W3CHttpResponseCodec.decode(W3CHttpResponseCodec.java:133)
at org.openqa.selenium.remote.codec.w3c.W3CHttpResponseCodec.decode(W3CHttpResponseCodec.java:53)
at org.openqa.selenium.remote.HttpCommandExecutor.execute(HttpCommandExecutor.java:184)
at org.openqa.selenium.remote.service.DriverCommandExecutor.invokeExecute(DriverCommandExecutor.java:167)
at org.openqa.selenium.remote.service.DriverCommandExecutor.execute(DriverCommandExecutor.java:142)
at org.openqa.selenium.remote.RemoteWebDriver.execute(RemoteWebDriver.java:567)
at org.openqa.selenium.remote.RemoteWebElement.execute(RemoteWebElement.java:251)
at org.openqa.selenium.remote.RemoteWebElement.click(RemoteWebElement.java:77)
at org.openqa.selenium.support.pagefactory.internal.LocatingElementHandler.invoke(LocatingElementHandler.java:52)
at jdk.proxy2/jdk.proxy2.$Proxy21.click(Unknown Source)
at pages.HomePage.checkOnLogout(HomePage.java:50)
at Tests.HomePageTest.verifyClickOnLogout(HomePageTest.java:73)
at java.base/java.util.ArrayList.forEach(ArrayList.java:1511)
... Removed 36 stack frames]]>
    </failure>
  </testcase> <!-- verifyClickOnLogout -->
  <testcase classname="Tests.LoginPageTest" name="multipleLoginTest" time="0.0">
    <skipped/>
  </testcase> <!-- multipleLoginTest -->
  <testcase classname="Tests.LoginPageTest" name="loginPageTitleTest" time="0.205"/>
  <testcase classname="Tests.LoginPageTest" name="faceBookLogoImageTest" time="0.192"/>
  <testcase classname="Tests.LoginPageTest" name="loginTest" time="0.81"/>
</testsuite> <!-- Test -->
